<?xml version="1.0" encoding="UTF-8"?>
<!-- Generated by org.testng.reporters.JUnitXMLReporter -->
<testsuite ignored="4" hostname="LAPTOP-0N1NA70U" failures="1" tests="1" name="Default test(failed)" time="15.89" errors="0" timestamp="2024-06-11T20:26:26 IST">
  <testcase classname="com.orangeHRM.qa.testcases.AdminTest" name="searchAdminsWithUsername" time="0.587">
    <failure type="java.lang.AssertionError" message="No Records Found expected [true] but found [false]">
      <![CDATA[java.lang.AssertionError: No Records Found expected [true] but found [false]
at com.orangeHRM.qa.testcases.AdminTest.searchAdminsWithUsername(AdminTest.java:61)
at java.base/java.util.ArrayList.forEach(ArrayList.java:1511)
... Removed 30 stack frames]]>
    </failure>
  </testcase> <!-- searchAdminsWithUsername -->
  <testcase classname="com.orangeHRM.qa.testcases.AdminTest" name="searchAdminsWithUserRole" time="0.0">
    <ignored/>
  </testcase> <!-- searchAdminsWithUserRole -->
  <testcase classname="com.orangeHRM.qa.testcases.AdminTest" name="suggestionWithEmployeeNameVisible" time="0.0">
    <ignored/>
  </testcase> <!-- suggestionWithEmployeeNameVisible -->
  <testcase classname="com.orangeHRM.qa.testcases.AdminTest" name="verifyPresenceOfTableData" time="0.0">
    <ignored/>
  </testcase> <!-- verifyPresenceOfTableData -->
  <testcase classname="com.orangeHRM.qa.testcases.AdminTest" name="searchAdminsWithoutEnteringAnyDetails" time="0.0">
    <ignored/>
  </testcase> <!-- searchAdminsWithoutEnteringAnyDetails -->
</testsuite> <!-- Default test(failed) -->
