<?xml version="1.0" encoding="UTF-8"?>
<!-- Generated by org.testng.reporters.JUnitXMLReporter -->
<testsuite ignored="0" hostname="LAPTOP-0N1NA70U" failures="0" tests="5" name="Default test" time="86.041" errors="0" timestamp="2024-06-11T20:38:00 IST">
  <testcase classname="com.orangeHRM.qa.testcases.AdminTest" name="searchAdminsWithoutEnteringAnyDetails" time="0.311"/>
  <testcase classname="com.orangeHRM.qa.testcases.AdminTest" name="searchAdminsWithUsername" time="0.588"/>
  <testcase classname="com.orangeHRM.qa.testcases.AdminTest" name="searchAdminsWithUserRole" time="3.427"/>
  <testcase classname="com.orangeHRM.qa.testcases.AdminTest" name="suggestionWithEmployeeNameVisible" time="0.303"/>
  <testcase classname="com.orangeHRM.qa.testcases.AdminTest" name="verifyPresenceOfTableData" time="1.404"/>
</testsuite> <!-- Default test -->
