<?xml version="1.0" encoding="UTF-8"?>
<!-- Generated by org.testng.reporters.JUnitXMLReporter -->
<testsuite ignored="0" hostname="LAPTOP-0N1NA70U" failures="0" tests="5" name="OrangeHRM Tests" time="93.858" errors="0" timestamp="2024-06-11T20:46:04 IST">
  <testcase classname="com.orangeHRM.qa.testcases.AdminTest" name="searchAdminsWithoutEnteringAnyDetails" time="0.446"/>
  <testcase classname="com.orangeHRM.qa.testcases.AdminTest" name="searchAdminsWithUsername" time="0.514"/>
  <testcase classname="com.orangeHRM.qa.testcases.AdminTest" name="searchAdminsWithUserRole" time="3.298"/>
  <testcase classname="com.orangeHRM.qa.testcases.AdminTest" name="suggestionWithEmployeeNameVisible" time="0.213"/>
  <testcase classname="com.orangeHRM.qa.testcases.AdminTest" name="verifyPresenceOfTableData" time="1.371"/>
</testsuite> <!-- OrangeHRM Tests -->
