<?xml version="1.0" encoding="UTF-8"?>
<testng-results ignored="0" total="5" passed="5" failed="0" skipped="0">
  <reporter-output>
  </reporter-output>
  <suite started-at="2024-06-11T20:44:29 IST" name="OrangeHRM Automation Suite" finished-at="2024-06-11T20:46:03 IST" duration-ms="93858">
    <groups>
    </groups>
    <test started-at="2024-06-11T20:44:29 IST" name="OrangeHRM Tests" finished-at="2024-06-11T20:46:03 IST" duration-ms="93858">
      <class name="com.orangeHRM.qa.testcases.AdminTest">
        <test-method is-config="true" signature="setup()[pri:0, instance:com.orangeHRM.qa.testcases.AdminTest@6bd61f98]" started-at="2024-06-11T20:44:29 IST" name="setup" finished-at="2024-06-11T20:45:04 IST" duration-ms="34986" status="PASS">
          <reporter-output>
          </reporter-output>
        </test-method> <!-- setup -->
        <test-method signature="searchAdminsWithoutEnteringAnyDetails()[pri:0, instance:com.orangeHRM.qa.testcases.AdminTest@6bd61f98]" started-at="2024-06-11T20:45:04 IST" name="searchAdminsWithoutEnteringAnyDetails" finished-at="2024-06-11T20:45:05 IST" duration-ms="446" status="PASS">
          <reporter-output>
          </reporter-output>
        </test-method> <!-- searchAdminsWithoutEnteringAnyDetails -->
        <test-method is-config="true" signature="tearDown()[pri:0, instance:com.orangeHRM.qa.testcases.AdminTest@6bd61f98]" started-at="2024-06-11T20:45:05 IST" name="tearDown" finished-at="2024-06-11T20:45:05 IST" duration-ms="367" status="PASS">
          <reporter-output>
          </reporter-output>
        </test-method> <!-- tearDown -->
        <test-method is-config="true" signature="setup()[pri:0, instance:com.orangeHRM.qa.testcases.AdminTest@6bd61f98]" started-at="2024-06-11T20:45:05 IST" name="setup" finished-at="2024-06-11T20:45:21 IST" duration-ms="16191" status="PASS">
          <reporter-output>
          </reporter-output>
        </test-method> <!-- setup -->
        <test-method signature="searchAdminsWithUsername()[pri:1, instance:com.orangeHRM.qa.testcases.AdminTest@6bd61f98]" started-at="2024-06-11T20:45:21 IST" name="searchAdminsWithUsername" finished-at="2024-06-11T20:45:22 IST" duration-ms="514" status="PASS">
          <reporter-output>
          </reporter-output>
        </test-method> <!-- searchAdminsWithUsername -->
        <test-method is-config="true" signature="tearDown()[pri:0, instance:com.orangeHRM.qa.testcases.AdminTest@6bd61f98]" started-at="2024-06-11T20:45:22 IST" name="tearDown" finished-at="2024-06-11T20:45:22 IST" duration-ms="214" status="PASS">
          <reporter-output>
          </reporter-output>
        </test-method> <!-- tearDown -->
        <test-method is-config="true" signature="setup()[pri:0, instance:com.orangeHRM.qa.testcases.AdminTest@6bd61f98]" started-at="2024-06-11T20:45:22 IST" name="setup" finished-at="2024-06-11T20:45:33 IST" duration-ms="11512" status="PASS">
          <reporter-output>
          </reporter-output>
        </test-method> <!-- setup -->
        <test-method signature="searchAdminsWithUserRole()[pri:2, instance:com.orangeHRM.qa.testcases.AdminTest@6bd61f98]" started-at="2024-06-11T20:45:33 IST" name="searchAdminsWithUserRole" finished-at="2024-06-11T20:45:37 IST" duration-ms="3298" status="PASS">
          <reporter-output>
          </reporter-output>
        </test-method> <!-- searchAdminsWithUserRole -->
        <test-method is-config="true" signature="tearDown()[pri:0, instance:com.orangeHRM.qa.testcases.AdminTest@6bd61f98]" started-at="2024-06-11T20:45:37 IST" name="tearDown" finished-at="2024-06-11T20:45:37 IST" duration-ms="197" status="PASS">
          <reporter-output>
          </reporter-output>
        </test-method> <!-- tearDown -->
        <test-method is-config="true" signature="setup()[pri:0, instance:com.orangeHRM.qa.testcases.AdminTest@6bd61f98]" started-at="2024-06-11T20:45:37 IST" name="setup" finished-at="2024-06-11T20:45:49 IST" duration-ms="11861" status="PASS">
          <reporter-output>
          </reporter-output>
        </test-method> <!-- setup -->
        <test-method signature="suggestionWithEmployeeNameVisible()[pri:3, instance:com.orangeHRM.qa.testcases.AdminTest@6bd61f98]" started-at="2024-06-11T20:45:49 IST" name="suggestionWithEmployeeNameVisible" finished-at="2024-06-11T20:45:49 IST" duration-ms="213" status="PASS">
          <reporter-output>
          </reporter-output>
        </test-method> <!-- suggestionWithEmployeeNameVisible -->
        <test-method is-config="true" signature="tearDown()[pri:0, instance:com.orangeHRM.qa.testcases.AdminTest@6bd61f98]" started-at="2024-06-11T20:45:49 IST" name="tearDown" finished-at="2024-06-11T20:45:49 IST" duration-ms="329" status="PASS">
          <reporter-output>
          </reporter-output>
        </test-method> <!-- tearDown -->
        <test-method is-config="true" signature="setup()[pri:0, instance:com.orangeHRM.qa.testcases.AdminTest@6bd61f98]" started-at="2024-06-11T20:45:49 IST" name="setup" finished-at="2024-06-11T20:46:01 IST" duration-ms="11866" status="PASS">
          <reporter-output>
          </reporter-output>
        </test-method> <!-- setup -->
        <test-method signature="verifyPresenceOfTableData()[pri:4, instance:com.orangeHRM.qa.testcases.AdminTest@6bd61f98]" started-at="2024-06-11T20:46:01 IST" name="verifyPresenceOfTableData" finished-at="2024-06-11T20:46:03 IST" duration-ms="1371" status="PASS">
          <reporter-output>
          </reporter-output>
        </test-method> <!-- verifyPresenceOfTableData -->
        <test-method is-config="true" signature="tearDown()[pri:0, instance:com.orangeHRM.qa.testcases.AdminTest@6bd61f98]" started-at="2024-06-11T20:46:03 IST" name="tearDown" finished-at="2024-06-11T20:46:03 IST" duration-ms="205" status="PASS">
          <reporter-output>
          </reporter-output>
        </test-method> <!-- tearDown -->
      </class> <!-- com.orangeHRM.qa.testcases.AdminTest -->
    </test> <!-- OrangeHRM Tests -->
  </suite> <!-- OrangeHRM Automation Suite -->
</testng-results>
